<?xml version="1.0" encoding="UTF-8"?>
<!-- Generated by org.testng.reporters.JUnitReportReporter -->
<testsuite skipped="0" hostname="Srinath" name="script.ActitimeS" tests="1" failures="0" timestamp="21 Jun 2018 06:28:58 GMT" time="57.427" errors="0">
  <testcase name="test" time="57.427" classname="script.ActitimeS"/>
</testsuite> <!-- script.ActitimeS -->
